Using pre-set license
Built from '2020.3/staging' branch; Version is '2020.3.4f1 (0abb6314276a) revision 703331'; Using compiler version '192528614'; Build Type 'Release'
OS: 'Windows 10 Home; OS build 19041.985; Version 2004; 64bit' Language: 'fr' Physical Memory: 8034 MB
BatchMode: 1, IsHumanControllingUs: 0, StartBugReporterOnCrash: 0, Is64bit: 1, IsPro: 0

 COMMAND LINE ARGUMENTS:
C:\Program Files\Unity\Hub\Editor\2020.3.4f1\Editor\Unity.exe
-adb2
-batchMode
-noUpm
-name
AssetImportWorker0
-projectPath
C:/Users/arthu/OneDrive/Documents/PE2_app/Lux
-logFile
Logs/AssetImportWorker0.log
-srvPort
52260
Successfully changed project path to: C:/Users/arthu/OneDrive/Documents/PE2_app/Lux
C:/Users/arthu/OneDrive/Documents/PE2_app/Lux
Using Asset Import Pipeline V2.
Refreshing native plugins compatible for Editor in 87.87 ms, found 10 plugins.
Preloading 2 native plugins for Editor in 3.35 ms.
Initialize engine version: 2020.3.4f1 (0abb6314276a)
[Subsystems] Discovering subsystems at path C:/Program Files/Unity/Hub/Editor/2020.3.4f1/Editor/Data/Resources/UnitySubsystems
[Subsystems] Discovering subsystems at path C:/Users/arthu/OneDrive/Documents/PE2_app/Lux/Assets
GfxDevice: creating device client; threaded=0
Direct3D:
    Version:  Direct3D 11.0 [level 11.1]
    Renderer: NVIDIA GeForce GTX 1650 (ID=0x1f91)
    Vendor:   
    VRAM:     3962 MB
    Driver:   27.21.14.6140
Shader 'Universal Render Pipeline/Particles/Lit': fallback shader 'Universal Render Pipeline/Particles/SimpleLit' not found
Initialize mono
Mono path[0] = 'C:/Program Files/Unity/Hub/Editor/2020.3.4f1/Editor/Data/Managed'
Mono path[1] = 'C:/Program Files/Unity/Hub/Editor/2020.3.4f1/Editor/Data/MonoBleedingEdge/lib/mono/unityjit'
Mono config path = 'C:/Program Files/Unity/Hub/Editor/2020.3.4f1/Editor/Data/MonoBleedingEdge/etc'
Using monoOptions --debugger-agent=transport=dt_socket,embedding=1,server=y,suspend=n,address=127.0.0.1:56756
Begin MonoManager ReloadAssembly
Registering precompiled unity dll's ...
Register platform support module: C:/Program Files/Unity/Hub/Editor/2020.3.4f1/Editor/Data/PlaybackEngines/WindowsStandaloneSupport/UnityEditor.WindowsStandalone.Extensions.dll
Registered in 0.001912 seconds.
Native extension for WindowsStandalone target not found
Refreshing native plugins compatible for Editor in 51.92 ms, found 10 plugins.
Preloading 2 native plugins for Editor in 0.15 ms.
Mono: successfully reloaded assembly
- Completed reload, in  1.610 seconds
Platform modules already initialized, skipping
Registering precompiled user dll's ...
Registered in 0.178403 seconds.
Begin MonoManager ReloadAssembly
Native extension for WindowsStandalone target not found
Refreshing native plugins compatible for Editor in 50.11 ms, found 10 plugins.
Preloading 2 native plugins for Editor in 0.15 ms.
[XR] OculusXRPlugin: registering subsystems
[XR] Unable to register display lifecyle provider: [1]
[XR] Oculus Input lifecycle provider registered.
[XR] Unable to register input lifecyle provider: [1]
NullReferenceException: Object reference not set to an instance of an object
  at Unity.XR.Oculus.OculusLoader.AssetPathToAbsolutePath (System.String assetPath) [0x00048] in C:\Users\arthu\OneDrive\Documents\PE2_app\Lux\Library\PackageCache\com.unity.xr.oculus@1.9.0\Runtime\OculusLoader.cs:249 
  at Unity.XR.Oculus.OculusLoader.EditorLoadOVRPlugin () [0x0007b] in C:\Users\arthu\OneDrive\Documents\PE2_app\Lux\Library\PackageCache\com.unity.xr.oculus@1.9.0\Runtime\OculusLoader.cs:234 

(Filename: Library/PackageCache/com.unity.xr.oculus@1.9.0/Runtime/OculusLoader.cs Line: 249)

Mono: successfully reloaded assembly
- Completed reload, in  0.967 seconds
Platform modules already initialized, skipping
========================================================================
Worker process is ready to serve import requests
Shader 'Universal Render Pipeline/Particles/Lit': fallback shader 'Universal Render Pipeline/Particles/SimpleLit' not found
Launched and connected shader compiler UnityShaderCompiler.exe after 0.05 seconds
Refreshing native plugins compatible for Editor in 0.66 ms, found 10 plugins.
Preloading 2 native plugins for Editor in 0.13 ms.
Unloading 2899 Unused Serialized files (Serialized files now loaded: 0)
System memory in use before: 137.3 MB.
System memory in use after: 137.5 MB.

Unloading 12 unused Assets to reduce memory usage. Loaded Objects now: 3366.
Total: 2.462200 ms (FindLiveObjects: 0.330500 ms CreateObjectMapping: 0.173200 ms MarkObjects: 1.920000 ms  DeleteObjects: 0.037200 ms)

========================================================================
Received Import Request.
  path: Assets/scripts
  artifactKey: Guid(db6fa5721ea0fc34f8a91a556e4bc173) Importer(815301076,1909f56bfc062723c751e8b465ee728b)
Start importing Assets/scripts using Guid(db6fa5721ea0fc34f8a91a556e4bc173) Importer(815301076,1909f56bfc062723c751e8b465ee728b)  -> (artifact id: '569985df790ab0beb86968f3b98e32d3') in 0.009747 seconds
  Import took 0.014186 seconds .

========================================================================
Received Prepare
Registering precompiled user dll's ...
Registered in 0.006867 seconds.
Begin MonoManager ReloadAssembly
Native extension for WindowsStandalone target not found
Refreshing native plugins compatible for Editor in 0.74 ms, found 10 plugins.
Preloading 2 native plugins for Editor in 0.14 ms.
NullReferenceException: Object reference not set to an instance of an object
  at Unity.XR.Oculus.OculusLoader.AssetPathToAbsolutePath (System.String assetPath) [0x00048] in C:\Users\arthu\OneDrive\Documents\PE2_app\Lux\Library\PackageCache\com.unity.xr.oculus@1.9.0\Runtime\OculusLoader.cs:249 
  at Unity.XR.Oculus.OculusLoader.EditorLoadOVRPlugin () [0x0007b] in C:\Users\arthu\OneDrive\Documents\PE2_app\Lux\Library\PackageCache\com.unity.xr.oculus@1.9.0\Runtime\OculusLoader.cs:234 

(Filename: Library/PackageCache/com.unity.xr.oculus@1.9.0/Runtime/OculusLoader.cs Line: 249)

Mono: successfully reloaded assembly
- Completed reload, in  0.881 seconds
Platform modules already initialized, skipping
Switching build target platform(5) subTarget(0) extendedPlatform(0) -> platform(13) subTarget(589824) extendedPlatform(0)
Shader 'Universal Render Pipeline/Particles/Lit': fallback shader 'Universal Render Pipeline/Particles/SimpleLit' not found
Refreshing native plugins compatible for Editor in 0.72 ms, found 10 plugins.
Preloading 2 native plugins for Editor in 0.15 ms.
Unloading 2805 Unused Serialized files (Serialized files now loaded: 0)
System memory in use before: 130.9 MB.
System memory in use after: 131.1 MB.

Unloading 8 unused Assets to reduce memory usage. Loaded Objects now: 3372.
Total: 2.350600 ms (FindLiveObjects: 0.312400 ms CreateObjectMapping: 0.115700 ms MarkObjects: 1.890600 ms  DeleteObjects: 0.028400 ms)

AssetImportParameters requested are different than current active one (requested -> active):
  custom:graphics/normal-map-encoding: 01000000000000000000000000000000 -> 02000000000000000000000000000000
========================================================================
Received Import Request.
  Time since last request: 430.132321 seconds.
  path: Assets/XR/Settings/AR Core Settings.asset
  artifactKey: Guid(b483cb16123924d488c5ee130a7c832b) Importer(815301076,1909f56bfc062723c751e8b465ee728b)
Start importing Assets/XR/Settings/AR Core Settings.asset using Guid(b483cb16123924d488c5ee130a7c832b) Importer(815301076,1909f56bfc062723c751e8b465ee728b)  -> (artifact id: 'b2d6a4921e0d862fca6a9da3d1a89eca') in 0.032577 seconds
  Import took 0.037273 seconds .

========================================================================
Received Import Request.
  Time since last request: 374.036926 seconds.
  path: Assets/Prefabs/Poster Origin 1.prefab
  artifactKey: Guid(75aff162a727b2945a0173564cd8c03c) Importer(815301076,1909f56bfc062723c751e8b465ee728b)
Start importing Assets/Prefabs/Poster Origin 1.prefab using Guid(75aff162a727b2945a0173564cd8c03c) Importer(815301076,1909f56bfc062723c751e8b465ee728b)  -> (artifact id: '332bf76e935e900c612e771d92472c77') in 0.157939 seconds
  Import took 0.164458 seconds .

========================================================================
Received Import Request.
  Time since last request: 16.915793 seconds.
  path: Assets/Prefabs/Poster Origin 1.prefab
  artifactKey: Guid(75aff162a727b2945a0173564cd8c03c) Importer(815301076,1909f56bfc062723c751e8b465ee728b)
Start importing Assets/Prefabs/Poster Origin 1.prefab using Guid(75aff162a727b2945a0173564cd8c03c) Importer(815301076,1909f56bfc062723c751e8b465ee728b)  -> (artifact id: 'ceb90f7dd98aca5de35f47b270130def') in 0.031355 seconds
  Import took 0.036471 seconds .

========================================================================
Received Import Request.
  Time since last request: 4.633472 seconds.
  path: Assets/Prefabs/Poster Origin 1.prefab
  artifactKey: Guid(75aff162a727b2945a0173564cd8c03c) Importer(815301076,1909f56bfc062723c751e8b465ee728b)
Start importing Assets/Prefabs/Poster Origin 1.prefab using Guid(75aff162a727b2945a0173564cd8c03c) Importer(815301076,1909f56bfc062723c751e8b465ee728b)  -> (artifact id: '62f5973c149a624d6a3d4d34946ea4e5') in 0.032396 seconds
  Import took 0.038141 seconds .

========================================================================
Received Import Request.
  Time since last request: 4.691474 seconds.
  path: Assets/Prefabs/Poster Origin 1.prefab
  artifactKey: Guid(75aff162a727b2945a0173564cd8c03c) Importer(815301076,1909f56bfc062723c751e8b465ee728b)
Start importing Assets/Prefabs/Poster Origin 1.prefab using Guid(75aff162a727b2945a0173564cd8c03c) Importer(815301076,1909f56bfc062723c751e8b465ee728b)  -> (artifact id: '60c710ddba6aff00d9e6369e361c0100') in 0.029877 seconds
  Import took 0.035335 seconds .

AssetImportWorkerClient::OnTransportError - code=2 error=End of file
