Using pre-set license
Built from '2020.3/staging' branch; Version is '2020.3.5f1 (8095aa901b9b) revision 8426922'; Using compiler version '192528614'; Build Type 'Release'
OS: 'Windows 10 Home; OS build 19042.985; Version 2009; 64bit' Language: 'fr' Physical Memory: 6074 MB
BatchMode: 1, IsHumanControllingUs: 0, StartBugReporterOnCrash: 0, Is64bit: 1, IsPro: 0

 COMMAND LINE ARGUMENTS:
C:\Program Files\Unity\Hub\Editor\2020.3.5f1\Editor\Unity.exe
-adb2
-batchMode
-noUpm
-name
AssetImportWorker1
-projectPath
C:/Users/emrys/OneDrive/Documents/GitHub/PE2_app/Lux
-logFile
Logs/AssetImportWorker1.log
-srvPort
49221
Successfully changed project path to: C:/Users/emrys/OneDrive/Documents/GitHub/PE2_app/Lux
C:/Users/emrys/OneDrive/Documents/GitHub/PE2_app/Lux
Using Asset Import Pipeline V2.
Refreshing native plugins compatible for Editor in 162.96 ms, found 10 plugins.
Preloading 2 native plugins for Editor in 6.36 ms.
Initialize engine version: 2020.3.5f1 (8095aa901b9b)
[Subsystems] Discovering subsystems at path C:/Program Files/Unity/Hub/Editor/2020.3.5f1/Editor/Data/Resources/UnitySubsystems
[Subsystems] Discovering subsystems at path C:/Users/emrys/OneDrive/Documents/GitHub/PE2_app/Lux/Assets
GfxDevice: creating device client; threaded=0
Direct3D:
    Version:  Direct3D 11.0 [level 11.1]
    Renderer: AMD Radeon(TM) Vega 8 Graphics (ID=0x15d8)
    Vendor:   
    VRAM:     3037 MB
    Driver:   27.20.1026.1
Shader 'Universal Render Pipeline/Particles/Lit': fallback shader 'Universal Render Pipeline/Particles/SimpleLit' not found
Initialize mono
Mono path[0] = 'C:/Program Files/Unity/Hub/Editor/2020.3.5f1/Editor/Data/Managed'
Mono path[1] = 'C:/Program Files/Unity/Hub/Editor/2020.3.5f1/Editor/Data/MonoBleedingEdge/lib/mono/unityjit'
Mono config path = 'C:/Program Files/Unity/Hub/Editor/2020.3.5f1/Editor/Data/MonoBleedingEdge/etc'
Using monoOptions --debugger-agent=transport=dt_socket,embedding=1,server=y,suspend=n,address=127.0.0.1:56508
Begin MonoManager ReloadAssembly
Registering precompiled unity dll's ...
Register platform support module: C:/Program Files/Unity/Hub/Editor/2020.3.5f1/Editor/Data/PlaybackEngines/WindowsStandaloneSupport/UnityEditor.WindowsStandalone.Extensions.dll
Registered in 0.005933 seconds.
Native extension for WindowsStandalone target not found
Refreshing native plugins compatible for Editor in 105.74 ms, found 10 plugins.
Preloading 2 native plugins for Editor in 0.50 ms.
Mono: successfully reloaded assembly
- Completed reload, in  6.440 seconds
Platform modules already initialized, skipping
Registering precompiled user dll's ...
Registered in 0.016456 seconds.
Begin MonoManager ReloadAssembly
Native extension for WindowsStandalone target not found
Refreshing native plugins compatible for Editor in 130.03 ms, found 10 plugins.
Preloading 2 native plugins for Editor in 0.49 ms.
[XR] OculusXRPlugin: registering subsystems
[XR] Unable to register display lifecyle provider: [1]
[XR] Oculus Input lifecycle provider registered.
[XR] Unable to register input lifecyle provider: [1]
NullReferenceException: Object reference not set to an instance of an object
  at Unity.XR.Oculus.OculusLoader.AssetPathToAbsolutePath (System.String assetPath) [0x00048] in C:\Users\emrys\OneDrive\Documents\GitHub\PE2_app\Lux\Library\PackageCache\com.unity.xr.oculus@1.9.0\Runtime\OculusLoader.cs:249 
  at Unity.XR.Oculus.OculusLoader.EditorLoadOVRPlugin () [0x0007b] in C:\Users\emrys\OneDrive\Documents\GitHub\PE2_app\Lux\Library\PackageCache\com.unity.xr.oculus@1.9.0\Runtime\OculusLoader.cs:234 

(Filename: Library/PackageCache/com.unity.xr.oculus@1.9.0/Runtime/OculusLoader.cs Line: 249)

Mono: successfully reloaded assembly
- Completed reload, in  2.373 seconds
Platform modules already initialized, skipping
========================================================================
Worker process is ready to serve import requests
Shader 'Universal Render Pipeline/Particles/Lit': fallback shader 'Universal Render Pipeline/Particles/SimpleLit' not found
Launched and connected shader compiler UnityShaderCompiler.exe after 0.15 seconds
Refreshing native plugins compatible for Editor in 1.97 ms, found 10 plugins.
Preloading 2 native plugins for Editor in 0.55 ms.
Unloading 2899 Unused Serialized files (Serialized files now loaded: 0)
System memory in use before: 137.3 MB.
System memory in use after: 137.5 MB.

Unloading 12 unused Assets to reduce memory usage. Loaded Objects now: 3366.
Total: 7.388100 ms (FindLiveObjects: 1.282800 ms CreateObjectMapping: 0.708100 ms MarkObjects: 5.277900 ms  DeleteObjects: 0.115400 ms)

========================================================================
Received Import Request.
  path: Assets/Scenes/lumiere.unity
  artifactKey: Guid(621c0d74c80beb94ab9c4d57524fb242) Importer(815301076,1909f56bfc062723c751e8b465ee728b)
Start importing Assets/Scenes/lumiere.unity using Guid(621c0d74c80beb94ab9c4d57524fb242) Importer(815301076,1909f56bfc062723c751e8b465ee728b)  -> (artifact id: '406dcee687f8eb87e53abc23e136108d') in 0.048068 seconds
  Import took 0.059857 seconds .

========================================================================
Received Import Request.
  Time since last request: 0.001405 seconds.
  path: Assets/Scenes/cageAPhoton.unity
  artifactKey: Guid(8a0ab66ea7f75f444b83675ed4715f01) Importer(815301076,1909f56bfc062723c751e8b465ee728b)
Start importing Assets/Scenes/cageAPhoton.unity using Guid(8a0ab66ea7f75f444b83675ed4715f01) Importer(815301076,1909f56bfc062723c751e8b465ee728b)  -> (artifact id: 'd85aa936b82c5dd5c59e0ec006713288') in 0.018894 seconds
  Import took 0.030355 seconds .

========================================================================
Received Import Request.
  Time since last request: 526.487819 seconds.
  path: Assets/Scenes/fabrication.unity
  artifactKey: Guid(e1da025e93e76814f88cf24d5f76ab53) Importer(815301076,1909f56bfc062723c751e8b465ee728b)
Start importing Assets/Scenes/fabrication.unity using Guid(e1da025e93e76814f88cf24d5f76ab53) Importer(815301076,1909f56bfc062723c751e8b465ee728b)  -> (artifact id: '5aa166b7809d375c9bc00542fbfab2e5') in 0.111787 seconds
  Import took 0.411893 seconds .

========================================================================
Received Prepare
Registering precompiled user dll's ...
Registered in 0.038981 seconds.
Begin MonoManager ReloadAssembly
Native extension for WindowsStandalone target not found
Refreshing native plugins compatible for Editor in 3.35 ms, found 10 plugins.
Preloading 2 native plugins for Editor in 0.52 ms.
NullReferenceException: Object reference not set to an instance of an object
  at Unity.XR.Oculus.OculusLoader.AssetPathToAbsolutePath (System.String assetPath) [0x00048] in C:\Users\emrys\OneDrive\Documents\GitHub\PE2_app\Lux\Library\PackageCache\com.unity.xr.oculus@1.9.0\Runtime\OculusLoader.cs:249 
  at Unity.XR.Oculus.OculusLoader.EditorLoadOVRPlugin () [0x0007b] in C:\Users\emrys\OneDrive\Documents\GitHub\PE2_app\Lux\Library\PackageCache\com.unity.xr.oculus@1.9.0\Runtime\OculusLoader.cs:234 

(Filename: Library/PackageCache/com.unity.xr.oculus@1.9.0/Runtime/OculusLoader.cs Line: 249)

Mono: successfully reloaded assembly
- Completed reload, in  2.820 seconds
Platform modules already initialized, skipping
Switching build target platform(5) subTarget(0) extendedPlatform(0) -> platform(13) subTarget(589824) extendedPlatform(0)
Shader 'Universal Render Pipeline/Particles/Lit': fallback shader 'Universal Render Pipeline/Particles/SimpleLit' not found
Refreshing native plugins compatible for Editor in 1.82 ms, found 10 plugins.
Preloading 2 native plugins for Editor in 0.44 ms.
Unloading 2804 Unused Serialized files (Serialized files now loaded: 0)
System memory in use before: 130.9 MB.
System memory in use after: 131.1 MB.

Unloading 8 unused Assets to reduce memory usage. Loaded Objects now: 3370.
Total: 8.121100 ms (FindLiveObjects: 0.856400 ms CreateObjectMapping: 0.274500 ms MarkObjects: 6.866400 ms  DeleteObjects: 0.118000 ms)

AssetImportParameters requested are different than current active one (requested -> active):
  custom:graphics/normal-map-encoding: 01000000000000000000000000000000 -> 02000000000000000000000000000000
========================================================================
Received Import Request.
  Time since last request: 1222.929804 seconds.
  path: Assets/Scenes/fabrication.unity
  artifactKey: Guid(e1da025e93e76814f88cf24d5f76ab53) Importer(815301076,1909f56bfc062723c751e8b465ee728b)
Start importing Assets/Scenes/fabrication.unity using Guid(e1da025e93e76814f88cf24d5f76ab53) Importer(815301076,1909f56bfc062723c751e8b465ee728b)  -> (artifact id: 'c7f3d14e4debbb9e28d563180130b6b3') in 0.038319 seconds
  Import took 0.050813 seconds .

========================================================================
Received Prepare
Registering precompiled user dll's ...
Registered in 0.039578 seconds.
Begin MonoManager ReloadAssembly
Native extension for WindowsStandalone target not found
Refreshing native plugins compatible for Editor in 2.33 ms, found 10 plugins.
Preloading 2 native plugins for Editor in 0.54 ms.
NullReferenceException: Object reference not set to an instance of an object
  at Unity.XR.Oculus.OculusLoader.AssetPathToAbsolutePath (System.String assetPath) [0x00048] in C:\Users\emrys\OneDrive\Documents\GitHub\PE2_app\Lux\Library\PackageCache\com.unity.xr.oculus@1.9.0\Runtime\OculusLoader.cs:249 
  at Unity.XR.Oculus.OculusLoader.EditorLoadOVRPlugin () [0x0007b] in C:\Users\emrys\OneDrive\Documents\GitHub\PE2_app\Lux\Library\PackageCache\com.unity.xr.oculus@1.9.0\Runtime\OculusLoader.cs:234 

(Filename: Library/PackageCache/com.unity.xr.oculus@1.9.0/Runtime/OculusLoader.cs Line: 249)

Mono: successfully reloaded assembly
- Completed reload, in  2.052 seconds
Platform modules already initialized, skipping
Switching build target platform(5) subTarget(0) extendedPlatform(0) -> platform(13) subTarget(589824) extendedPlatform(0)
Shader 'Universal Render Pipeline/Particles/Lit': fallback shader 'Universal Render Pipeline/Particles/SimpleLit' not found
Refreshing native plugins compatible for Editor in 1.93 ms, found 10 plugins.
Preloading 2 native plugins for Editor in 0.49 ms.
Unloading 2804 Unused Serialized files (Serialized files now loaded: 0)
System memory in use before: 131.0 MB.
System memory in use after: 131.2 MB.

Unloading 8 unused Assets to reduce memory usage. Loaded Objects now: 3374.
Total: 8.661000 ms (FindLiveObjects: 1.499100 ms CreateObjectMapping: 0.519100 ms MarkObjects: 6.481200 ms  DeleteObjects: 0.154000 ms)

AssetImportParameters requested are different than current active one (requested -> active):
  custom:graphics/normal-map-encoding: 01000000000000000000000000000000 -> 02000000000000000000000000000000
========================================================================
Received Import Request.
  Time since last request: 362.740936 seconds.
  path: Assets/XR/Settings/Windows MR Package Settings.asset
  artifactKey: Guid(fd293e234269f4941957044494c68303) Importer(815301076,1909f56bfc062723c751e8b465ee728b)
Start importing Assets/XR/Settings/Windows MR Package Settings.asset using Guid(fd293e234269f4941957044494c68303) Importer(815301076,1909f56bfc062723c751e8b465ee728b)  -> (artifact id: '51243fb6b5f30bf72084edbc93a41ea7') in 0.138705 seconds
  Import took 0.149471 seconds .

========================================================================
Received Import Request.
  Time since last request: 0.007821 seconds.
  path: Assets/XR/Settings/Windows MR Package Settings.asset
  artifactKey: Guid(fd293e234269f4941957044494c68303) Importer(815301076,1909f56bfc062723c751e8b465ee728b)
Start importing Assets/XR/Settings/Windows MR Package Settings.asset using Guid(fd293e234269f4941957044494c68303) Importer(815301076,1909f56bfc062723c751e8b465ee728b)  -> (artifact id: '51243fb6b5f30bf72084edbc93a41ea7') in 0.011285 seconds
  Import took 0.023228 seconds .

========================================================================
Received Import Request.
  Time since last request: 16.056457 seconds.
  path: Assets/XR/XRGeneralSettings.asset
  artifactKey: Guid(59bf8a2661abc3440bed2ab0772dd43e) Importer(815301076,1909f56bfc062723c751e8b465ee728b)
Start importing Assets/XR/XRGeneralSettings.asset using Guid(59bf8a2661abc3440bed2ab0772dd43e) Importer(815301076,1909f56bfc062723c751e8b465ee728b)  -> (artifact id: '0a496dd556cb9fafd63f4303898fb325') in 0.041975 seconds
  Import took 0.052103 seconds .

========================================================================
Received Import Request.
  Time since last request: 0.000723 seconds.
  path: Assets/XR/Settings/AR Core Loader Settings.asset
  artifactKey: Guid(6254241f3da781744aa0c8511596c7d5) Importer(815301076,1909f56bfc062723c751e8b465ee728b)
Start importing Assets/XR/Settings/AR Core Loader Settings.asset using Guid(6254241f3da781744aa0c8511596c7d5) Importer(815301076,1909f56bfc062723c751e8b465ee728b)  -> (artifact id: '92c3b3011248e49ef1872e55d8c1dcce') in 0.020041 seconds
  Import took 0.030588 seconds .

========================================================================
Received Import Request.
  Time since last request: 0.000843 seconds.
  path: Assets/XR/Loaders/AR Core Loader.asset
  artifactKey: Guid(45048e2856579334985165a9a7d630e5) Importer(815301076,1909f56bfc062723c751e8b465ee728b)
Start importing Assets/XR/Loaders/AR Core Loader.asset using Guid(45048e2856579334985165a9a7d630e5) Importer(815301076,1909f56bfc062723c751e8b465ee728b)  -> (artifact id: 'b017094c97dee97812e05c2b4204823d') in 0.023104 seconds
  Import took 0.033034 seconds .

========================================================================
Received Import Request.
  Time since last request: 0.000983 seconds.
  path: Assets/material/AR Default Plane.prefab
  artifactKey: Guid(dadb18fbbc479024ca194b26bbe00b6d) Importer(815301076,1909f56bfc062723c751e8b465ee728b)
Start importing Assets/material/AR Default Plane.prefab using Guid(dadb18fbbc479024ca194b26bbe00b6d) Importer(815301076,1909f56bfc062723c751e8b465ee728b)  -> (artifact id: '1cc75224c75e32c7b046f524d4bc5a96') in 0.073135 seconds
  Import took 0.083953 seconds .

========================================================================
Received Import Request.
  Time since last request: 0.355299 seconds.
  path: Assets/material/fond numérique de lignes lumineuses colorées animées 2251969 - Clips vidéo et séquences vidéo HD gratuits_3.mp4
  artifactKey: Guid(7fe444e149aaca24c8fda69118983334) Importer(815301076,1909f56bfc062723c751e8b465ee728b)
Start importing Assets/material/fond numérique de lignes lumineuses colorées animées 2251969 - Clips vidéo et séquences vidéo HD gratuits_3.mp4 using Guid(7fe444e149aaca24c8fda69118983334) Importer(815301076,1909f56bfc062723c751e8b465ee728b)  -> (artifact id: '2e839c8aa091aac0459a752d322bbae5') in 0.121263 seconds
  Import took 0.130818 seconds .

========================================================================
Received Import Request.
  Time since last request: 0.000730 seconds.
  path: Assets/fonts/RobotoCondensed-Regular.ttf
  artifactKey: Guid(2e3dcaa4d6fd9534d88a790e1ddaaadc) Importer(815301076,1909f56bfc062723c751e8b465ee728b)
Start importing Assets/fonts/RobotoCondensed-Regular.ttf using Guid(2e3dcaa4d6fd9534d88a790e1ddaaadc) Importer(815301076,1909f56bfc062723c751e8b465ee728b)  -> (artifact id: '5aada8f3736df6f8a34e9e927b93802d') in 0.260021 seconds
  Import took 0.269763 seconds .

========================================================================
Received Import Request.
  Time since last request: 525.096335 seconds.
  path: Assets/material/dialog box.png
  artifactKey: Guid(ebe18b634490bdc47a4aaf0c1e3ba541) Importer(815301076,1909f56bfc062723c751e8b465ee728b)
Start importing Assets/material/dialog box.png using Guid(ebe18b634490bdc47a4aaf0c1e3ba541) Importer(815301076,1909f56bfc062723c751e8b465ee728b)  -> (artifact id: 'c652c934a5c717a398cdf479d74c5dfd') in 0.157178 seconds
  Import took 0.171583 seconds .

========================================================================
Received Import Request.
  Time since last request: 0.000887 seconds.
  path: Assets/material/dialogBox2_1.png
  artifactKey: Guid(c971b900f2388814e804b1d98b29265f) Importer(815301076,1909f56bfc062723c751e8b465ee728b)
Start importing Assets/material/dialogBox2_1.png using Guid(c971b900f2388814e804b1d98b29265f) Importer(815301076,1909f56bfc062723c751e8b465ee728b)  -> (artifact id: '9ae1525b50457f98d2d19e96a5b7502a') in 0.067519 seconds
  Import took 0.079023 seconds .

========================================================================
Received Import Request.
  Time since last request: 0.000762 seconds.
  path: Assets/material/dialogBox.png
  artifactKey: Guid(f967b28b2d5f4cb43b3c03b65ff1cc21) Importer(815301076,1909f56bfc062723c751e8b465ee728b)
Start importing Assets/material/dialogBox.png using Guid(f967b28b2d5f4cb43b3c03b65ff1cc21) Importer(815301076,1909f56bfc062723c751e8b465ee728b)  -> (artifact id: '7962eb4ac1b163d5b04c3330a615aa12') in 0.061759 seconds
  Import took 0.074357 seconds .

========================================================================
Received Import Request.
  Time since last request: 93.703572 seconds.
  path: Assets/material/Ampli_photon.mp4
  artifactKey: Guid(35cac3cb284255a4197c36c4d24bd67a) Importer(815301076,1909f56bfc062723c751e8b465ee728b)
Start importing Assets/material/Ampli_photon.mp4 using Guid(35cac3cb284255a4197c36c4d24bd67a) Importer(815301076,1909f56bfc062723c751e8b465ee728b)  -> (artifact id: '6db4226d8535ffc667f8867f7518dfaa') in 0.044516 seconds
  Import took 0.058775 seconds .

========================================================================
Received Import Request.
  Time since last request: 0.000784 seconds.
  path: Assets/material/ar button.png
  artifactKey: Guid(8b4fe65fe280ff9448fb1ec3b8cdf55d) Importer(815301076,1909f56bfc062723c751e8b465ee728b)
Start importing Assets/material/ar button.png using Guid(8b4fe65fe280ff9448fb1ec3b8cdf55d) Importer(815301076,1909f56bfc062723c751e8b465ee728b)  -> (artifact id: '36ac55f6b237ca0125ba9a9382aa7937') in 0.042218 seconds
  Import took 0.052858 seconds .

========================================================================
Received Import Request.
  Time since last request: 37.136169 seconds.
  path: Assets/UI/nytrcfty.png
  artifactKey: Guid(1889b93194f16c046ae8da17473dbc73) Importer(815301076,1909f56bfc062723c751e8b465ee728b)
Start importing Assets/UI/nytrcfty.png using Guid(1889b93194f16c046ae8da17473dbc73) Importer(815301076,1909f56bfc062723c751e8b465ee728b)  -> (artifact id: '1d719729363fe7a57c769371cd0b8356') in 0.240428 seconds
  Import took 0.251507 seconds .

========================================================================
Received Import Request.
  Time since last request: 237.111656 seconds.
  path: Assets/Scenes/fabrication.unity
  artifactKey: Guid(e1da025e93e76814f88cf24d5f76ab53) Importer(815301076,1909f56bfc062723c751e8b465ee728b)
Start importing Assets/Scenes/fabrication.unity using Guid(e1da025e93e76814f88cf24d5f76ab53) Importer(815301076,1909f56bfc062723c751e8b465ee728b)  -> (artifact id: '22e26960d0a760bd8652c749e0d9d444') in 0.009751 seconds
  Import took 0.020671 seconds .

========================================================================
Received Import Request.
  Time since last request: 948.992016 seconds.
  path: Assets/Scenes/fabrication.unity
  artifactKey: Guid(e1da025e93e76814f88cf24d5f76ab53) Importer(815301076,1909f56bfc062723c751e8b465ee728b)
Start importing Assets/Scenes/fabrication.unity using Guid(e1da025e93e76814f88cf24d5f76ab53) Importer(815301076,1909f56bfc062723c751e8b465ee728b)  -> (artifact id: 'ced3c67eef27fc83d7521f0a8f57a84f') in 0.012696 seconds
  Import took 0.024534 seconds .

========================================================================
Received Import Request.
  Time since last request: 312.120402 seconds.
  path: Assets/Scenes/fabrication.unity
  artifactKey: Guid(e1da025e93e76814f88cf24d5f76ab53) Importer(815301076,1909f56bfc062723c751e8b465ee728b)
Start importing Assets/Scenes/fabrication.unity using Guid(e1da025e93e76814f88cf24d5f76ab53) Importer(815301076,1909f56bfc062723c751e8b465ee728b)  -> (artifact id: '371a49d75f825a1be68a706b08d33cfb') in 0.011022 seconds
  Import took 0.023750 seconds .

========================================================================
Received Import Request.
  Time since last request: 59.928052 seconds.
  path: Assets/Scenes/fabrication.unity
  artifactKey: Guid(e1da025e93e76814f88cf24d5f76ab53) Importer(815301076,1909f56bfc062723c751e8b465ee728b)
Start importing Assets/Scenes/fabrication.unity using Guid(e1da025e93e76814f88cf24d5f76ab53) Importer(815301076,1909f56bfc062723c751e8b465ee728b)  -> (artifact id: '220b41f5b9ccb23828ed8bfbbd4b27f6') in 0.013435 seconds
  Import took 0.024944 seconds .

AssetImportWorkerClient::OnTransportError - code=2 error=End of file
