Using pre-set license
Built from '2020.3/staging' branch; Version is '2020.3.4f1 (0abb6314276a) revision 703331'; Using compiler version '192528614'; Build Type 'Release'
OS: 'Windows 10 Home; OS build 19041.985; Version 2004; 64bit' Language: 'fr' Physical Memory: 8034 MB
BatchMode: 1, IsHumanControllingUs: 0, StartBugReporterOnCrash: 0, Is64bit: 1, IsPro: 0

 COMMAND LINE ARGUMENTS:
C:\Program Files\Unity\Hub\Editor\2020.3.4f1\Editor\Unity.exe
-adb2
-batchMode
-noUpm
-name
AssetImportWorker0
-projectPath
C:/Users/arthu/OneDrive/Documents/PE2_app/Lux
-logFile
Logs/AssetImportWorker0.log
-srvPort
51716
Successfully changed project path to: C:/Users/arthu/OneDrive/Documents/PE2_app/Lux
C:/Users/arthu/OneDrive/Documents/PE2_app/Lux
Using Asset Import Pipeline V2.
Refreshing native plugins compatible for Editor in 108.02 ms, found 10 plugins.
Preloading 2 native plugins for Editor in 3.84 ms.
Initialize engine version: 2020.3.4f1 (0abb6314276a)
[Subsystems] Discovering subsystems at path C:/Program Files/Unity/Hub/Editor/2020.3.4f1/Editor/Data/Resources/UnitySubsystems
[Subsystems] Discovering subsystems at path C:/Users/arthu/OneDrive/Documents/PE2_app/Lux/Assets
GfxDevice: creating device client; threaded=0
Direct3D:
    Version:  Direct3D 11.0 [level 11.1]
    Renderer: NVIDIA GeForce GTX 1650 (ID=0x1f91)
    Vendor:   
    VRAM:     3962 MB
    Driver:   27.21.14.6140
Shader 'Universal Render Pipeline/Particles/Lit': fallback shader 'Universal Render Pipeline/Particles/SimpleLit' not found
Initialize mono
Mono path[0] = 'C:/Program Files/Unity/Hub/Editor/2020.3.4f1/Editor/Data/Managed'
Mono path[1] = 'C:/Program Files/Unity/Hub/Editor/2020.3.4f1/Editor/Data/MonoBleedingEdge/lib/mono/unityjit'
Mono config path = 'C:/Program Files/Unity/Hub/Editor/2020.3.4f1/Editor/Data/MonoBleedingEdge/etc'
Using monoOptions --debugger-agent=transport=dt_socket,embedding=1,server=y,suspend=n,address=127.0.0.1:56468
Begin MonoManager ReloadAssembly
Registering precompiled unity dll's ...
Register platform support module: C:/Program Files/Unity/Hub/Editor/2020.3.4f1/Editor/Data/PlaybackEngines/WindowsStandaloneSupport/UnityEditor.WindowsStandalone.Extensions.dll
Registered in 0.003562 seconds.
Native extension for WindowsStandalone target not found
Refreshing native plugins compatible for Editor in 52.60 ms, found 10 plugins.
Preloading 2 native plugins for Editor in 0.15 ms.
Mono: successfully reloaded assembly
- Completed reload, in  1.818 seconds
Platform modules already initialized, skipping
Registering precompiled user dll's ...
Registered in 0.011907 seconds.
Begin MonoManager ReloadAssembly
Native extension for WindowsStandalone target not found
Refreshing native plugins compatible for Editor in 53.86 ms, found 10 plugins.
Preloading 2 native plugins for Editor in 0.15 ms.
[XR] OculusXRPlugin: registering subsystems
[XR] Unable to register display lifecyle provider: [1]
[XR] Oculus Input lifecycle provider registered.
[XR] Unable to register input lifecyle provider: [1]
NullReferenceException: Object reference not set to an instance of an object
  at Unity.XR.Oculus.OculusLoader.AssetPathToAbsolutePath (System.String assetPath) [0x00048] in C:\Users\arthu\OneDrive\Documents\PE2_app\Lux\Library\PackageCache\com.unity.xr.oculus@1.9.0\Runtime\OculusLoader.cs:249 
  at Unity.XR.Oculus.OculusLoader.EditorLoadOVRPlugin () [0x0007b] in C:\Users\arthu\OneDrive\Documents\PE2_app\Lux\Library\PackageCache\com.unity.xr.oculus@1.9.0\Runtime\OculusLoader.cs:234 

(Filename: Library/PackageCache/com.unity.xr.oculus@1.9.0/Runtime/OculusLoader.cs Line: 249)

Mono: successfully reloaded assembly
- Completed reload, in  1.092 seconds
Platform modules already initialized, skipping
========================================================================
Worker process is ready to serve import requests
Shader 'Universal Render Pipeline/Particles/Lit': fallback shader 'Universal Render Pipeline/Particles/SimpleLit' not found
Launched and connected shader compiler UnityShaderCompiler.exe after 0.09 seconds
Refreshing native plugins compatible for Editor in 0.84 ms, found 10 plugins.
Preloading 2 native plugins for Editor in 0.16 ms.
Unloading 2898 Unused Serialized files (Serialized files now loaded: 0)
System memory in use before: 137.4 MB.
System memory in use after: 137.6 MB.

Unloading 11 unused Assets to reduce memory usage. Loaded Objects now: 3366.
Total: 2.999600 ms (FindLiveObjects: 0.484200 ms CreateObjectMapping: 0.236500 ms MarkObjects: 2.251400 ms  DeleteObjects: 0.026100 ms)

========================================================================
Received Import Request.
  path: Assets/material/2emeposter - Copie.png
  artifactKey: Guid(ed4d19c2faeb58141b74d59af0c3e330) Importer(815301076,1909f56bfc062723c751e8b465ee728b)
Start importing Assets/material/2emeposter - Copie.png using Guid(ed4d19c2faeb58141b74d59af0c3e330) Importer(815301076,1909f56bfc062723c751e8b465ee728b)  -> (artifact id: '3597716dc6782e9a3cd453517892901a') in 0.220472 seconds
  Import took 0.226137 seconds .

========================================================================
Received Prepare
Registering precompiled user dll's ...
Registered in 0.006073 seconds.
Begin MonoManager ReloadAssembly
Native extension for WindowsStandalone target not found
Refreshing native plugins compatible for Editor in 0.92 ms, found 10 plugins.
Preloading 2 native plugins for Editor in 0.17 ms.
NullReferenceException: Object reference not set to an instance of an object
  at Unity.XR.Oculus.OculusLoader.AssetPathToAbsolutePath (System.String assetPath) [0x00048] in C:\Users\arthu\OneDrive\Documents\PE2_app\Lux\Library\PackageCache\com.unity.xr.oculus@1.9.0\Runtime\OculusLoader.cs:249 
  at Unity.XR.Oculus.OculusLoader.EditorLoadOVRPlugin () [0x0007b] in C:\Users\arthu\OneDrive\Documents\PE2_app\Lux\Library\PackageCache\com.unity.xr.oculus@1.9.0\Runtime\OculusLoader.cs:234 

(Filename: Library/PackageCache/com.unity.xr.oculus@1.9.0/Runtime/OculusLoader.cs Line: 249)

Mono: successfully reloaded assembly
- Completed reload, in  1.175 seconds
Platform modules already initialized, skipping
Switching build target platform(5) subTarget(0) extendedPlatform(0) -> platform(13) subTarget(589824) extendedPlatform(0)
Shader 'Universal Render Pipeline/Particles/Lit': fallback shader 'Universal Render Pipeline/Particles/SimpleLit' not found
Refreshing native plugins compatible for Editor in 0.96 ms, found 10 plugins.
Preloading 2 native plugins for Editor in 0.20 ms.
Unloading 2802 Unused Serialized files (Serialized files now loaded: 0)
System memory in use before: 133.7 MB.
System memory in use after: 133.9 MB.

Unloading 7 unused Assets to reduce memory usage. Loaded Objects now: 3376.
Total: 3.239500 ms (FindLiveObjects: 0.457500 ms CreateObjectMapping: 0.264400 ms MarkObjects: 2.463500 ms  DeleteObjects: 0.052600 ms)

AssetImportParameters requested are different than current active one (requested -> active):
  custom:graphics/normal-map-encoding: 01000000000000000000000000000000 -> 02000000000000000000000000000000
========================================================================
Received Import Request.
  Time since last request: 1129.814973 seconds.
  path: Assets/scripts/arthur/Opacity.cs
  artifactKey: Guid(16629cde63d94744ab66eb8218868776) Importer(815301076,1909f56bfc062723c751e8b465ee728b)
Start importing Assets/scripts/arthur/Opacity.cs using Guid(16629cde63d94744ab66eb8218868776) Importer(815301076,1909f56bfc062723c751e8b465ee728b)  -> (artifact id: 'b1c0d25a0e8126f957ebadbbea538ac0') in 0.024401 seconds
  Import took 0.031832 seconds .

========================================================================
Received Import Request.
  Time since last request: 96.386245 seconds.
  path: Assets/scripts/arthur/UIAnimation.cs
  artifactKey: Guid(90b9bb8ca19283243b79dcd853ecd1bb) Importer(815301076,1909f56bfc062723c751e8b465ee728b)
Start importing Assets/scripts/arthur/UIAnimation.cs using Guid(90b9bb8ca19283243b79dcd853ecd1bb) Importer(815301076,1909f56bfc062723c751e8b465ee728b)  -> (artifact id: 'c22bcd16aafa1b6cbe2a5c4e8862e9bb') in 0.010620 seconds
  Import took 0.017701 seconds .

========================================================================
Received Import Request.
  Time since last request: 1.468605 seconds.
  path: Assets/scripts/arthur/UIAnimation.cs
  artifactKey: Guid(90b9bb8ca19283243b79dcd853ecd1bb) Importer(815301076,1909f56bfc062723c751e8b465ee728b)
Start importing Assets/scripts/arthur/UIAnimation.cs using Guid(90b9bb8ca19283243b79dcd853ecd1bb) Importer(815301076,1909f56bfc062723c751e8b465ee728b)  -> (artifact id: 'c22bcd16aafa1b6cbe2a5c4e8862e9bb') in 0.003087 seconds
  Import took 0.008086 seconds .

========================================================================
Received Import Request.
  Time since last request: 237.906760 seconds.
  path: Assets/scripts/DestroyObject.cs
  artifactKey: Guid(d62d37b5a919982469bcf2778dbe8377) Importer(815301076,1909f56bfc062723c751e8b465ee728b)
Start importing Assets/scripts/DestroyObject.cs using Guid(d62d37b5a919982469bcf2778dbe8377) Importer(815301076,1909f56bfc062723c751e8b465ee728b)  -> (artifact id: '3aae64a0f9b0cfe96f3d238e18a9a187') in 0.010617 seconds
  Import took 0.016468 seconds .

========================================================================
Received Import Request.
  Time since last request: 0.000403 seconds.
  path: Assets/scripts/DestroyObject.cs
  artifactKey: Guid(d62d37b5a919982469bcf2778dbe8377) Importer(815301076,1909f56bfc062723c751e8b465ee728b)
Start importing Assets/scripts/DestroyObject.cs using Guid(d62d37b5a919982469bcf2778dbe8377) Importer(815301076,1909f56bfc062723c751e8b465ee728b)  -> (artifact id: '3aae64a0f9b0cfe96f3d238e18a9a187') in 0.003794 seconds
  Import took 0.009587 seconds .

========================================================================
Received Prepare
Registering precompiled user dll's ...
Registered in 0.022636 seconds.
Begin MonoManager ReloadAssembly
Native extension for WindowsStandalone target not found
Refreshing native plugins compatible for Editor in 1.21 ms, found 10 plugins.
Preloading 2 native plugins for Editor in 0.16 ms.
NullReferenceException: Object reference not set to an instance of an object
  at Unity.XR.Oculus.OculusLoader.AssetPathToAbsolutePath (System.String assetPath) [0x00048] in C:\Users\arthu\OneDrive\Documents\PE2_app\Lux\Library\PackageCache\com.unity.xr.oculus@1.9.0\Runtime\OculusLoader.cs:249 
  at Unity.XR.Oculus.OculusLoader.EditorLoadOVRPlugin () [0x0007b] in C:\Users\arthu\OneDrive\Documents\PE2_app\Lux\Library\PackageCache\com.unity.xr.oculus@1.9.0\Runtime\OculusLoader.cs:234 

(Filename: Library/PackageCache/com.unity.xr.oculus@1.9.0/Runtime/OculusLoader.cs Line: 249)

Mono: successfully reloaded assembly
- Completed reload, in  1.370 seconds
Platform modules already initialized, skipping
Switching build target platform(5) subTarget(0) extendedPlatform(0) -> platform(13) subTarget(589824) extendedPlatform(0)
Shader 'Universal Render Pipeline/Particles/Lit': fallback shader 'Universal Render Pipeline/Particles/SimpleLit' not found
Refreshing native plugins compatible for Editor in 0.89 ms, found 10 plugins.
Preloading 2 native plugins for Editor in 0.20 ms.
Unloading 2802 Unused Serialized files (Serialized files now loaded: 0)
System memory in use before: 133.7 MB.
System memory in use after: 134.0 MB.

Unloading 7 unused Assets to reduce memory usage. Loaded Objects now: 3380.
Total: 3.212100 ms (FindLiveObjects: 0.344600 ms CreateObjectMapping: 0.153800 ms MarkObjects: 2.691300 ms  DeleteObjects: 0.020600 ms)

AssetImportParameters requested are different than current active one (requested -> active):
  custom:graphics/normal-map-encoding: 01000000000000000000000000000000 -> 02000000000000000000000000000000
========================================================================
Received Prepare
Registering precompiled user dll's ...
Registered in 0.005977 seconds.
Begin MonoManager ReloadAssembly
Native extension for WindowsStandalone target not found
Refreshing native plugins compatible for Editor in 1.05 ms, found 10 plugins.
Preloading 2 native plugins for Editor in 0.20 ms.
NullReferenceException: Object reference not set to an instance of an object
  at Unity.XR.Oculus.OculusLoader.AssetPathToAbsolutePath (System.String assetPath) [0x00048] in C:\Users\arthu\OneDrive\Documents\PE2_app\Lux\Library\PackageCache\com.unity.xr.oculus@1.9.0\Runtime\OculusLoader.cs:249 
  at Unity.XR.Oculus.OculusLoader.EditorLoadOVRPlugin () [0x0007b] in C:\Users\arthu\OneDrive\Documents\PE2_app\Lux\Library\PackageCache\com.unity.xr.oculus@1.9.0\Runtime\OculusLoader.cs:234 

(Filename: Library/PackageCache/com.unity.xr.oculus@1.9.0/Runtime/OculusLoader.cs Line: 249)

Mono: successfully reloaded assembly
- Completed reload, in  1.150 seconds
Platform modules already initialized, skipping
Switching build target platform(5) subTarget(0) extendedPlatform(0) -> platform(13) subTarget(589824) extendedPlatform(0)
Shader 'Universal Render Pipeline/Particles/Lit': fallback shader 'Universal Render Pipeline/Particles/SimpleLit' not found
Refreshing native plugins compatible for Editor in 0.92 ms, found 10 plugins.
Preloading 2 native plugins for Editor in 0.17 ms.
Unloading 2802 Unused Serialized files (Serialized files now loaded: 0)
System memory in use before: 133.8 MB.
System memory in use after: 134.0 MB.

Unloading 7 unused Assets to reduce memory usage. Loaded Objects now: 3384.
Total: 2.746500 ms (FindLiveObjects: 0.426100 ms CreateObjectMapping: 0.201800 ms MarkObjects: 2.101000 ms  DeleteObjects: 0.016500 ms)

AssetImportParameters requested are different than current active one (requested -> active):
  custom:graphics/normal-map-encoding: 01000000000000000000000000000000 -> 02000000000000000000000000000000
========================================================================
Received Import Request.
  Time since last request: 3134.241469 seconds.
  path: Assets/scripts/arthur/ActiveUI.cs
  artifactKey: Guid(1c69705ef0f767e4ab44b036c11adcf0) Importer(815301076,1909f56bfc062723c751e8b465ee728b)
Start importing Assets/scripts/arthur/ActiveUI.cs using Guid(1c69705ef0f767e4ab44b036c11adcf0) Importer(815301076,1909f56bfc062723c751e8b465ee728b)  -> (artifact id: '0af363fb90ec4c938d42518d910759f3') in 0.056917 seconds
  Import took 0.062671 seconds .

========================================================================
Received Prepare
Registering precompiled user dll's ...
Registered in 0.006322 seconds.
Begin MonoManager ReloadAssembly
Native extension for WindowsStandalone target not found
Refreshing native plugins compatible for Editor in 0.69 ms, found 10 plugins.
Preloading 2 native plugins for Editor in 0.18 ms.
NullReferenceException: Object reference not set to an instance of an object
  at Unity.XR.Oculus.OculusLoader.AssetPathToAbsolutePath (System.String assetPath) [0x00048] in C:\Users\arthu\OneDrive\Documents\PE2_app\Lux\Library\PackageCache\com.unity.xr.oculus@1.9.0\Runtime\OculusLoader.cs:249 
  at Unity.XR.Oculus.OculusLoader.EditorLoadOVRPlugin () [0x0007b] in C:\Users\arthu\OneDrive\Documents\PE2_app\Lux\Library\PackageCache\com.unity.xr.oculus@1.9.0\Runtime\OculusLoader.cs:234 

(Filename: Library/PackageCache/com.unity.xr.oculus@1.9.0/Runtime/OculusLoader.cs Line: 249)

Mono: successfully reloaded assembly
- Completed reload, in  0.862 seconds
Platform modules already initialized, skipping
Switching build target platform(5) subTarget(0) extendedPlatform(0) -> platform(13) subTarget(589824) extendedPlatform(0)
Shader 'Universal Render Pipeline/Particles/Lit': fallback shader 'Universal Render Pipeline/Particles/SimpleLit' not found
Refreshing native plugins compatible for Editor in 0.71 ms, found 10 plugins.
Preloading 2 native plugins for Editor in 0.14 ms.
Unloading 2803 Unused Serialized files (Serialized files now loaded: 0)
System memory in use before: 133.8 MB.
System memory in use after: 134.0 MB.

Unloading 7 unused Assets to reduce memory usage. Loaded Objects now: 3389.
Total: 2.276400 ms (FindLiveObjects: 0.318900 ms CreateObjectMapping: 0.149900 ms MarkObjects: 1.792200 ms  DeleteObjects: 0.014400 ms)

AssetImportParameters requested are different than current active one (requested -> active):
  custom:graphics/normal-map-encoding: 01000000000000000000000000000000 -> 02000000000000000000000000000000
========================================================================
Received Prepare
Registering precompiled user dll's ...
Registered in 0.006984 seconds.
Begin MonoManager ReloadAssembly
Native extension for WindowsStandalone target not found
Refreshing native plugins compatible for Editor in 0.78 ms, found 10 plugins.
Preloading 2 native plugins for Editor in 0.17 ms.
NullReferenceException: Object reference not set to an instance of an object
  at Unity.XR.Oculus.OculusLoader.AssetPathToAbsolutePath (System.String assetPath) [0x00048] in C:\Users\arthu\OneDrive\Documents\PE2_app\Lux\Library\PackageCache\com.unity.xr.oculus@1.9.0\Runtime\OculusLoader.cs:249 
  at Unity.XR.Oculus.OculusLoader.EditorLoadOVRPlugin () [0x0007b] in C:\Users\arthu\OneDrive\Documents\PE2_app\Lux\Library\PackageCache\com.unity.xr.oculus@1.9.0\Runtime\OculusLoader.cs:234 

(Filename: Library/PackageCache/com.unity.xr.oculus@1.9.0/Runtime/OculusLoader.cs Line: 249)

Mono: successfully reloaded assembly
- Completed reload, in  0.987 seconds
Platform modules already initialized, skipping
Switching build target platform(5) subTarget(0) extendedPlatform(0) -> platform(13) subTarget(589824) extendedPlatform(0)
Shader 'Universal Render Pipeline/Particles/Lit': fallback shader 'Universal Render Pipeline/Particles/SimpleLit' not found
Refreshing native plugins compatible for Editor in 0.69 ms, found 10 plugins.
Preloading 2 native plugins for Editor in 0.14 ms.
Unloading 2803 Unused Serialized files (Serialized files now loaded: 0)
System memory in use before: 133.8 MB.
System memory in use after: 134.0 MB.

Unloading 7 unused Assets to reduce memory usage. Loaded Objects now: 3393.
Total: 2.274300 ms (FindLiveObjects: 0.308200 ms CreateObjectMapping: 0.150300 ms MarkObjects: 1.797800 ms  DeleteObjects: 0.015300 ms)

AssetImportParameters requested are different than current active one (requested -> active):
  custom:graphics/normal-map-encoding: 01000000000000000000000000000000 -> 02000000000000000000000000000000
========================================================================
Received Import Request.
  Time since last request: 113.209325 seconds.
  path: Assets/scripts/arthur/ActiveUI.cs
  artifactKey: Guid(1c69705ef0f767e4ab44b036c11adcf0) Importer(815301076,1909f56bfc062723c751e8b465ee728b)
Start importing Assets/scripts/arthur/ActiveUI.cs using Guid(1c69705ef0f767e4ab44b036c11adcf0) Importer(815301076,1909f56bfc062723c751e8b465ee728b)  -> (artifact id: 'a0c2064b584d54be73c1b6a18f065e04') in 0.005263 seconds
  Import took 0.009822 seconds .

